<?xml version="1.0" encoding="UTF-8"?>
<testsuite name="io.github.kavishkamk.testapp.TestJson" tests="1" skipped="0" failures="0" errors="0" timestamp="2023-05-28T09:41:06" hostname="MADHUSHAN" time="0.024">
  <properties/>
  <testcase name="jsonObjectCanBeCreatedFromMap()" classname="io.github.kavishkamk.testapp.TestJson" time="0.024"/>
  <system-out><![CDATA[]]></system-out>
  <system-err><![CDATA[]]></system-err>
</testsuite>
